Using pre-set license
Built from '2022.3/staging' branch; Version is '2022.3.36f1 (95a4219250e5) revision 9806881'; Using compiler version '192829333'; Build Type 'Release'
OS: 'Windows 11  (10.0.22631) 64bit Professional' Language: 'en' Physical Memory: 16126 MB
BatchMode: 1, IsHumanControllingUs: 0, StartBugReporterOnCrash: 0, Is64bit: 1, IsPro: 1

COMMAND LINE ARGUMENTS:
C:\Program Files\Unity\Hub\Editor\2022.3.36f1\Editor\Unity.exe
-adb2
-batchMode
-noUpm
-name
AssetImportWorker0
-projectPath
C:/Users/vitoria.fiorin/Documents/GitHub/Souls-Memories
-logFile
Logs/AssetImportWorker0.log
-srvPort
50683
Successfully changed project path to: C:/Users/vitoria.fiorin/Documents/GitHub/Souls-Memories
C:/Users/vitoria.fiorin/Documents/GitHub/Souls-Memories
[UnityMemory] Configuration Parameters - Can be set up in boot.config
    "memorysetup-bucket-allocator-granularity=16"
    "memorysetup-bucket-allocator-bucket-count=8"
    "memorysetup-bucket-allocator-block-size=33554432"
    "memorysetup-bucket-allocator-block-count=8"
    "memorysetup-main-allocator-block-size=16777216"
    "memorysetup-thread-allocator-block-size=16777216"
    "memorysetup-gfx-main-allocator-block-size=16777216"
    "memorysetup-gfx-thread-allocator-block-size=16777216"
    "memorysetup-cache-allocator-block-size=4194304"
    "memorysetup-typetree-allocator-block-size=2097152"
    "memorysetup-profiler-bucket-allocator-granularity=16"
    "memorysetup-profiler-bucket-allocator-bucket-count=8"
    "memorysetup-profiler-bucket-allocator-block-size=33554432"
    "memorysetup-profiler-bucket-allocator-block-count=8"
    "memorysetup-profiler-allocator-block-size=16777216"
    "memorysetup-profiler-editor-allocator-block-size=1048576"
    "memorysetup-temp-allocator-size-main=16777216"
    "memorysetup-job-temp-allocator-block-size=2097152"
    "memorysetup-job-temp-allocator-block-size-background=1048576"
    "memorysetup-job-temp-allocator-reduction-small-platforms=262144"
    "memorysetup-allocator-temp-initial-block-size-main=262144"
    "memorysetup-allocator-temp-initial-block-size-worker=262144"
    "memorysetup-temp-allocator-size-background-worker=32768"
    "memorysetup-temp-allocator-size-job-worker=262144"
    "memorysetup-temp-allocator-size-preload-manager=33554432"
    "memorysetup-temp-allocator-size-nav-mesh-worker=65536"
    "memorysetup-temp-allocator-size-audio-worker=65536"
    "memorysetup-temp-allocator-size-cloud-worker=32768"
    "memorysetup-temp-allocator-size-gi-baking-worker=262144"
    "memorysetup-temp-allocator-size-gfx=262144"
Player connection [20328] Host "[IP] 192.168.0.248 [Port] 0 [Flags] 2 [Guid] 1128996518 [EditorId] 1128996518 [Version] 1048832 [Id] WindowsEditor(7,CTNDELL15FWVM3) [Debug] 1 [PackageName] WindowsEditor [ProjectName] Editor" joined multi-casting on [225.0.0.222:54997]...

Player connection [20328] Host "[IP] 192.168.0.248 [Port] 0 [Flags] 2 [Guid] 1128996518 [EditorId] 1128996518 [Version] 1048832 [Id] WindowsEditor(7,CTNDELL15FWVM3) [Debug] 1 [PackageName] WindowsEditor [ProjectName] Editor" joined alternative multi-casting on [225.0.0.222:34997]...

[PhysX] Initialized MultithreadedTaskDispatcher with 16 workers.
Refreshing native plugins compatible for Editor in 41.71 ms, found 4 plugins.
Preloading 0 native plugins for Editor in 0.00 ms.
Initialize engine version: 2022.3.36f1 (95a4219250e5)
[Subsystems] Discovering subsystems at path C:/Program Files/Unity/Hub/Editor/2022.3.36f1/Editor/Data/Resources/UnitySubsystems
[Subsystems] Discovering subsystems at path C:/Users/vitoria.fiorin/Documents/GitHub/Souls-Memories/Assets
GfxDevice: creating device client; threaded=0; jobified=0
Direct3D:
    Version:  Direct3D 11.0 [level 11.1]
    Renderer: NVIDIA GeForce RTX 3060 Laptop GPU (ID=0x2560)
    Vendor:   NVIDIA
    VRAM:     6010 MB
    Driver:   31.0.15.4680
Initialize mono
Mono path[0] = 'C:/Program Files/Unity/Hub/Editor/2022.3.36f1/Editor/Data/Managed'
Mono path[1] = 'C:/Program Files/Unity/Hub/Editor/2022.3.36f1/Editor/Data/MonoBleedingEdge/lib/mono/unityjit-win32'
Mono config path = 'C:/Program Files/Unity/Hub/Editor/2022.3.36f1/Editor/Data/MonoBleedingEdge/etc'
Using monoOptions --debugger-agent=transport=dt_socket,embedding=1,server=y,suspend=n,address=127.0.0.1:56276
Begin MonoManager ReloadAssembly
Registering precompiled unity dll's ...
Register platform support module: C:/Program Files/Unity/Hub/Editor/2022.3.36f1/Editor/Data/PlaybackEngines/WindowsStandaloneSupport/UnityEditor.WindowsStandalone.Extensions.dll
Registered in 0.006488 seconds.
- Loaded All Assemblies, in  0.318 seconds
Native extension for WindowsStandalone target not found
Mono: successfully reloaded assembly
- Finished resetting the current domain, in  0.241 seconds
Domain Reload Profiling: 558ms
	BeginReloadAssembly (112ms)
		ExecutionOrderSort (0ms)
		DisableScriptedObjects (0ms)
		BackupInstance (0ms)
		ReleaseScriptingObjects (0ms)
		CreateAndSetChildDomain (1ms)
	RebuildCommonClasses (29ms)
	RebuildNativeTypeToScriptingClass (9ms)
	initialDomainReloadingComplete (49ms)
	LoadAllAssembliesAndSetupDomain (118ms)
		LoadAssemblies (111ms)
		RebuildTransferFunctionScriptingTraits (0ms)
		AnalyzeDomain (116ms)
			TypeCache.Refresh (114ms)
				TypeCache.ScanAssembly (103ms)
			ScanForSourceGeneratedMonoScriptInfo (0ms)
			ResolveRequiredComponents (0ms)
	FinalizeReload (242ms)
		ReleaseScriptCaches (0ms)
		RebuildScriptCaches (0ms)
		SetupLoadedEditorAssemblies (189ms)
			LogAssemblyErrors (0ms)
			InitializePlatformSupportModulesInManaged (8ms)
			SetLoadedEditorAssemblies (6ms)
			RefreshPlugins (0ms)
			BeforeProcessingInitializeOnLoad (2ms)
			ProcessInitializeOnLoadAttributes (129ms)
			ProcessInitializeOnLoadMethodAttributes (44ms)
			AfterProcessingInitializeOnLoad (0ms)
			EditorAssembliesLoaded (0ms)
		ExecutionOrderSort2 (0ms)
		AwakeInstancesAfterBackupRestoration (0ms)
========================================================================
Worker process is ready to serve import requests
Begin MonoManager ReloadAssembly
- Loaded All Assemblies, in  0.697 seconds
Refreshing native plugins compatible for Editor in 7.09 ms, found 4 plugins.
Native extension for WindowsStandalone target not found
Package Manager log level set to [2]
[Package Manager] Server::EnsureServerProcessIsRunning -- launch failed, reason: Unity was launched with the -noUpm command-line argument
[Package Manager] UpmClient::Send -- Unable to send message (not connected to UPM process).
[Package Manager] Cannot connect to Unity Package Manager local server
Mono: successfully reloaded assembly
- Finished resetting the current domain, in  0.715 seconds
Domain Reload Profiling: 1410ms
	BeginReloadAssembly (133ms)
		ExecutionOrderSort (0ms)
		DisableScriptedObjects (4ms)
		BackupInstance (0ms)
		ReleaseScriptingObjects (0ms)
		CreateAndSetChildDomain (17ms)
	RebuildCommonClasses (26ms)
	RebuildNativeTypeToScriptingClass (8ms)
	initialDomainReloadingComplete (35ms)
	LoadAllAssembliesAndSetupDomain (494ms)
		LoadAssemblies (426ms)
		RebuildTransferFunctionScriptingTraits (0ms)
		AnalyzeDomain (150ms)
			TypeCache.Refresh (118ms)
				TypeCache.ScanAssembly (105ms)
			ScanForSourceGeneratedMonoScriptInfo (18ms)
			ResolveRequiredComponents (12ms)
	FinalizeReload (715ms)
		ReleaseScriptCaches (0ms)
		RebuildScriptCaches (0ms)
		SetupLoadedEditorAssemblies (587ms)
			LogAssemblyErrors (0ms)
			InitializePlatformSupportModulesInManaged (4ms)
			SetLoadedEditorAssemblies (4ms)
			RefreshPlugins (0ms)
			BeforeProcessingInitializeOnLoad (60ms)
			ProcessInitializeOnLoadAttributes (479ms)
			ProcessInitializeOnLoadMethodAttributes (34ms)
			AfterProcessingInitializeOnLoad (6ms)
			EditorAssembliesLoaded (0ms)
		ExecutionOrderSort2 (0ms)
		AwakeInstancesAfterBackupRestoration (5ms)
Launched and connected shader compiler UnityShaderCompiler.exe after 0.06 seconds
Refreshing native plugins compatible for Editor in 8.01 ms, found 4 plugins.
Preloading 0 native plugins for Editor in 0.00 ms.
Unloading 4664 Unused Serialized files (Serialized files now loaded: 0)
Unloading 72 unused Assets / (63.3 KB). Loaded Objects now: 5128.
Memory consumption went from 155.0 MB to 155.0 MB.
Total: 4.386200 ms (FindLiveObjects: 0.415200 ms CreateObjectMapping: 0.188100 ms MarkObjects: 3.646300 ms  DeleteObjects: 0.135800 ms)

AssetImportParameters requested are different than current active one (requested -> active):
  custom:container-demuxer-ogg: 62fdf1f143b41e24485cea50d1cbac27 -> 
  custom:video-decoder-ogg-theora: a1e56fd34408186e4bbccfd4996cb3dc -> 
  custom:framework-win-MediaFoundation: 216162199b28c13a410421893ffa2e32 -> 
  custom:CustomObjectIndexerAttribute: 9a22284fe3817be447336de3de66b15e -> 
  custom:container-demuxer-webm: 4f35f7cbe854078d1ac9338744f61a02 -> 
  custom:container-muxer-webm: aa71ff27fc2769a1b78a27578f13a17b -> 
  custom:video-decoder-webm-vp8: 9c59270c3fd7afecdb556c50c9e8de78 -> 
  custom:SearchIndexIgnoredProperties: e643bd26f0fe6173181afceb89e7c659 -> 
  custom:AudioImporter_EditorPlatform: d09bf68614088b80899f8185d706f6e7 -> 
  custom:video-encoder-webm-vp8: eb34c28f22e8b96e1ab97ce403110664 -> 
  custom:audio-decoder-ogg-vorbis: bf7c407c2cedff20999df2af8eb42d56 -> 
  custom:audio-encoder-webm-vorbis: bf7c407c2cedff20999df2af8eb42d56 -> 
========================================================================
Received Import Request.
  Time since last request: 858074.310540 seconds.
  path: Assets/3. Mechanics/Inventory/Prefabs
  artifactKey: Guid(3b9bb0c3869e6334688552e3c06591d8) Importer(815301076,1909f56bfc062723c751e8b465ee728b)
Start importing Assets/3. Mechanics/Inventory/Prefabs using Guid(3b9bb0c3869e6334688552e3c06591d8) Importer(815301076,1909f56bfc062723c751e8b465ee728b) [PhysX] Initialized MultithreadedTaskDispatcher with 16 workers.
 -> (artifact id: '00ee9c33323d16adba98f66b15055fb7') in 0.003449 seconds
Number of updated asset objects reloaded before import = 0
Number of asset objects unloaded after import = 0
========================================================================
Received Import Request.
  Time since last request: 0.000021 seconds.
  path: Assets/3. Mechanics/Inventory/Prefabs/Inventory.prefab
  artifactKey: Guid(66484545f77e2ad4aba78da81cbf7603) Importer(815301076,1909f56bfc062723c751e8b465ee728b)
Start importing Assets/3. Mechanics/Inventory/Prefabs/Inventory.prefab using Guid(66484545f77e2ad4aba78da81cbf7603) Importer(815301076,1909f56bfc062723c751e8b465ee728b) [PhysX] Initialized MultithreadedTaskDispatcher with 16 workers.
 -> (artifact id: '2b367bfdfe4fd028870af73cead3ceed') in 0.022991 seconds
Number of updated asset objects reloaded before import = 0
Number of asset objects unloaded after import = 19
========================================================================
Received Import Request.
  Time since last request: 4.407778 seconds.
  path: Assets/3. Mechanics/Inventory/Prefabs/Itens
  artifactKey: Guid(bba632f221537dd49878bdb5be471112) Importer(815301076,1909f56bfc062723c751e8b465ee728b)
Start importing Assets/3. Mechanics/Inventory/Prefabs/Itens using Guid(bba632f221537dd49878bdb5be471112) Importer(815301076,1909f56bfc062723c751e8b465ee728b) [PhysX] Initialized MultithreadedTaskDispatcher with 16 workers.
 -> (artifact id: '010cf122b1c9ad7138108fcccc450dfc') in 0.000419 seconds
Number of updated asset objects reloaded before import = 0
Number of asset objects unloaded after import = 0
========================================================================
Received Import Request.
  Time since last request: 39.143701 seconds.
  path: Assets/2. Environment/Prefabs/Itens/Item.prefab
  artifactKey: Guid(c48439241157590498e5005a7da7f419) Importer(815301076,1909f56bfc062723c751e8b465ee728b)
Start importing Assets/2. Environment/Prefabs/Itens/Item.prefab using Guid(c48439241157590498e5005a7da7f419) Importer(815301076,1909f56bfc062723c751e8b465ee728b) [PhysX] Initialized MultithreadedTaskDispatcher with 16 workers.
[PhysX] Initialized MultithreadedTaskDispatcher with 16 workers.
 -> (artifact id: '1c67c4c4c383a78a77948381bc160f92') in 0.076218 seconds
Number of updated asset objects reloaded before import = 0
Number of asset objects unloaded after import = 14
========================================================================
Received Import Request.
  Time since last request: 40.606361 seconds.
  path: Assets/2. Environment/Prefabs/Itens/Item.prefab
  artifactKey: Guid(c48439241157590498e5005a7da7f419) Importer(815301076,1909f56bfc062723c751e8b465ee728b)
Start importing Assets/2. Environment/Prefabs/Itens/Item.prefab using Guid(c48439241157590498e5005a7da7f419) Importer(815301076,1909f56bfc062723c751e8b465ee728b) [PhysX] Initialized MultithreadedTaskDispatcher with 16 workers.
[PhysX] Initialized MultithreadedTaskDispatcher with 16 workers.
 -> (artifact id: '690821035e4d10641853cdc642faa523') in 0.012303 seconds
Number of updated asset objects reloaded before import = 0
Number of asset objects unloaded after import = 15
========================================================================
Received Import Request.
  Time since last request: 26.050884 seconds.
  path: Assets/2. Environment/Prefabs/Item.prefab
  artifactKey: Guid(c48439241157590498e5005a7da7f419) Importer(815301076,1909f56bfc062723c751e8b465ee728b)
Start importing Assets/2. Environment/Prefabs/Item.prefab using Guid(c48439241157590498e5005a7da7f419) Importer(815301076,1909f56bfc062723c751e8b465ee728b) [PhysX] Initialized MultithreadedTaskDispatcher with 16 workers.
 -> (artifact id: '309e92ef19471d760fa806f47558949e') in 0.002928 seconds
Number of updated asset objects reloaded before import = 0
Number of asset objects unloaded after import = 14
========================================================================
Received Import Request.
  Time since last request: 18.832124 seconds.
  path: Assets/2. Environment/Prefabs/Item_Book.prefab
  artifactKey: Guid(93e718847b74137458ffbf4e3e8238c9) Importer(815301076,1909f56bfc062723c751e8b465ee728b)
Start importing Assets/2. Environment/Prefabs/Item_Book.prefab using Guid(93e718847b74137458ffbf4e3e8238c9) Importer(815301076,1909f56bfc062723c751e8b465ee728b) [PhysX] Initialized MultithreadedTaskDispatcher with 16 workers.
 -> (artifact id: 'd44c9553721fc8be7941e7e8678eadc9') in 0.003178 seconds
Number of updated asset objects reloaded before import = 0
Number of asset objects unloaded after import = 26
========================================================================
Received Import Request.
  Time since last request: 12.230465 seconds.
  path: Assets/2. Environment/Prefabs/Itens/Item_Book.prefab
  artifactKey: Guid(93e718847b74137458ffbf4e3e8238c9) Importer(815301076,1909f56bfc062723c751e8b465ee728b)
Start importing Assets/2. Environment/Prefabs/Itens/Item_Book.prefab using Guid(93e718847b74137458ffbf4e3e8238c9) Importer(815301076,1909f56bfc062723c751e8b465ee728b) [PhysX] Initialized MultithreadedTaskDispatcher with 16 workers.
[PhysX] Initialized MultithreadedTaskDispatcher with 16 workers.
 -> (artifact id: 'b65c938c8a76f556750659f51a099fa1') in 0.010594 seconds
Number of updated asset objects reloaded before import = 0
Number of asset objects unloaded after import = 27
========================================================================
Received Import Request.
  Time since last request: 46.913653 seconds.
  path: Assets/2. Environment/Prefabs/Itens/Item_Book.prefab
  artifactKey: Guid(93e718847b74137458ffbf4e3e8238c9) Importer(815301076,1909f56bfc062723c751e8b465ee728b)
Start importing Assets/2. Environment/Prefabs/Itens/Item_Book.prefab using Guid(93e718847b74137458ffbf4e3e8238c9) Importer(815301076,1909f56bfc062723c751e8b465ee728b) [PhysX] Initialized MultithreadedTaskDispatcher with 16 workers.
[PhysX] Initialized MultithreadedTaskDispatcher with 16 workers.
 -> (artifact id: 'f90851e4bb918a76ff90574d3ace39ae') in 0.010677 seconds
Number of updated asset objects reloaded before import = 0
Number of asset objects unloaded after import = 27
========================================================================
Received Import Request.
  Time since last request: 44.886422 seconds.
  path: Assets/2. Environment/Prefabs/Item.prefab
  artifactKey: Guid(c48439241157590498e5005a7da7f419) Importer(815301076,1909f56bfc062723c751e8b465ee728b)
Start importing Assets/2. Environment/Prefabs/Item.prefab using Guid(c48439241157590498e5005a7da7f419) Importer(815301076,1909f56bfc062723c751e8b465ee728b) [PhysX] Initialized MultithreadedTaskDispatcher with 16 workers.
[PhysX] Initialized MultithreadedTaskDispatcher with 16 workers.
 -> (artifact id: 'b1f6ca7f426d9fc602d878af264aa918') in 0.085848 seconds
Number of updated asset objects reloaded before import = 0
Number of asset objects unloaded after import = 19
========================================================================
Received Import Request.
  Time since last request: 932.630376 seconds.
  path: Assets/2. Environment/Prefabs/Item.prefab
  artifactKey: Guid(c48439241157590498e5005a7da7f419) Importer(815301076,1909f56bfc062723c751e8b465ee728b)
Start importing Assets/2. Environment/Prefabs/Item.prefab using Guid(c48439241157590498e5005a7da7f419) Importer(815301076,1909f56bfc062723c751e8b465ee728b) [PhysX] Initialized MultithreadedTaskDispatcher with 16 workers.
[PhysX] Initialized MultithreadedTaskDispatcher with 16 workers.
 -> (artifact id: '8ffa933034c86eb9f143749586e2669e') in 0.012358 seconds
Number of updated asset objects reloaded before import = 0
Number of asset objects unloaded after import = 19
========================================================================
Received Import Request.
  Time since last request: 31.840087 seconds.
  path: Assets/2. Environment/Prefabs/Item.prefab
  artifactKey: Guid(c48439241157590498e5005a7da7f419) Importer(815301076,1909f56bfc062723c751e8b465ee728b)
Start importing Assets/2. Environment/Prefabs/Item.prefab using Guid(c48439241157590498e5005a7da7f419) Importer(815301076,1909f56bfc062723c751e8b465ee728b) [PhysX] Initialized MultithreadedTaskDispatcher with 16 workers.
[PhysX] Initialized MultithreadedTaskDispatcher with 16 workers.
 -> (artifact id: '31c4222022d0449b6d4f0e31e2053413') in 0.011594 seconds
Number of updated asset objects reloaded before import = 0
Number of asset objects unloaded after import = 19
========================================================================
Received Import Request.
  Time since last request: 17.561774 seconds.
  path: Assets/2. Environment/Prefabs/Item.prefab
  artifactKey: Guid(c48439241157590498e5005a7da7f419) Importer(815301076,1909f56bfc062723c751e8b465ee728b)
Start importing Assets/2. Environment/Prefabs/Item.prefab using Guid(c48439241157590498e5005a7da7f419) Importer(815301076,1909f56bfc062723c751e8b465ee728b) [PhysX] Initialized MultithreadedTaskDispatcher with 16 workers.
[PhysX] Initialized MultithreadedTaskDispatcher with 16 workers.
 -> (artifact id: '799564ba1b7d92301fd2d6ab60e1427c') in 0.009513 seconds
Number of updated asset objects reloaded before import = 0
Number of asset objects unloaded after import = 19
========================================================================
Received Import Request.
  Time since last request: 6.456865 seconds.
  path: Assets/2. Environment/Prefabs/Item.prefab
  artifactKey: Guid(c48439241157590498e5005a7da7f419) Importer(815301076,1909f56bfc062723c751e8b465ee728b)
Start importing Assets/2. Environment/Prefabs/Item.prefab using Guid(c48439241157590498e5005a7da7f419) Importer(815301076,1909f56bfc062723c751e8b465ee728b) [PhysX] Initialized MultithreadedTaskDispatcher with 16 workers.
[PhysX] Initialized MultithreadedTaskDispatcher with 16 workers.
 -> (artifact id: '7fe6ba39a60493c3e477d157b3014aa3') in 0.009474 seconds
Number of updated asset objects reloaded before import = 0
Number of asset objects unloaded after import = 19
========================================================================
Received Import Request.
  Time since last request: 5.655529 seconds.
  path: Assets/2. Environment/Prefabs/Item.prefab
  artifactKey: Guid(c48439241157590498e5005a7da7f419) Importer(815301076,1909f56bfc062723c751e8b465ee728b)
Start importing Assets/2. Environment/Prefabs/Item.prefab using Guid(c48439241157590498e5005a7da7f419) Importer(815301076,1909f56bfc062723c751e8b465ee728b) [PhysX] Initialized MultithreadedTaskDispatcher with 16 workers.
[PhysX] Initialized MultithreadedTaskDispatcher with 16 workers.
 -> (artifact id: 'b238c6e368eb0285b8cfcddbf3a5fd19') in 0.009013 seconds
Number of updated asset objects reloaded before import = 0
Number of asset objects unloaded after import = 19
========================================================================
Received Import Request.
  Time since last request: 5.841385 seconds.
  path: Assets/2. Environment/Prefabs/Item.prefab
  artifactKey: Guid(c48439241157590498e5005a7da7f419) Importer(815301076,1909f56bfc062723c751e8b465ee728b)
Start importing Assets/2. Environment/Prefabs/Item.prefab using Guid(c48439241157590498e5005a7da7f419) Importer(815301076,1909f56bfc062723c751e8b465ee728b) [PhysX] Initialized MultithreadedTaskDispatcher with 16 workers.
[PhysX] Initialized MultithreadedTaskDispatcher with 16 workers.
 -> (artifact id: '5eefe030a7962cfd8c207fadd464fd4a') in 0.009816 seconds
Number of updated asset objects reloaded before import = 0
Number of asset objects unloaded after import = 19
========================================================================
Received Import Request.
  Time since last request: 5.897698 seconds.
  path: Assets/2. Environment/Prefabs/Item.prefab
  artifactKey: Guid(c48439241157590498e5005a7da7f419) Importer(815301076,1909f56bfc062723c751e8b465ee728b)
Start importing Assets/2. Environment/Prefabs/Item.prefab using Guid(c48439241157590498e5005a7da7f419) Importer(815301076,1909f56bfc062723c751e8b465ee728b) [PhysX] Initialized MultithreadedTaskDispatcher with 16 workers.
[PhysX] Initialized MultithreadedTaskDispatcher with 16 workers.
 -> (artifact id: '9e294fa2576ca336eef69ec22219de42') in 0.009008 seconds
Number of updated asset objects reloaded before import = 0
Number of asset objects unloaded after import = 19
========================================================================
Received Import Request.
  Time since last request: 9.501919 seconds.
  path: Assets/2. Environment/Prefabs/Item.prefab
  artifactKey: Guid(c48439241157590498e5005a7da7f419) Importer(815301076,1909f56bfc062723c751e8b465ee728b)
Start importing Assets/2. Environment/Prefabs/Item.prefab using Guid(c48439241157590498e5005a7da7f419) Importer(815301076,1909f56bfc062723c751e8b465ee728b) [PhysX] Initialized MultithreadedTaskDispatcher with 16 workers.
[PhysX] Initialized MultithreadedTaskDispatcher with 16 workers.
 -> (artifact id: '9024afe2b52cf45d79d29c8300657c62') in 0.013075 seconds
Number of updated asset objects reloaded before import = 0
Number of asset objects unloaded after import = 19
========================================================================
Received Import Request.
  Time since last request: 19.133259 seconds.
  path: Assets/2. Environment/Prefabs/Item.prefab
  artifactKey: Guid(c48439241157590498e5005a7da7f419) Importer(815301076,1909f56bfc062723c751e8b465ee728b)
Start importing Assets/2. Environment/Prefabs/Item.prefab using Guid(c48439241157590498e5005a7da7f419) Importer(815301076,1909f56bfc062723c751e8b465ee728b) [PhysX] Initialized MultithreadedTaskDispatcher with 16 workers.
[PhysX] Initialized MultithreadedTaskDispatcher with 16 workers.
 -> (artifact id: 'f5a11d48f3cd80beb024501128e28ab8') in 0.008930 seconds
Number of updated asset objects reloaded before import = 0
Number of asset objects unloaded after import = 19
========================================================================
Received Import Request.
  Time since last request: 19.196260 seconds.
  path: Assets/2. Environment/Prefabs/Item.prefab
  artifactKey: Guid(c48439241157590498e5005a7da7f419) Importer(815301076,1909f56bfc062723c751e8b465ee728b)
Start importing Assets/2. Environment/Prefabs/Item.prefab using Guid(c48439241157590498e5005a7da7f419) Importer(815301076,1909f56bfc062723c751e8b465ee728b) [PhysX] Initialized MultithreadedTaskDispatcher with 16 workers.
[PhysX] Initialized MultithreadedTaskDispatcher with 16 workers.
 -> (artifact id: '3e4a9b31929fecb784bbbe5c1354a8d0') in 0.008718 seconds
Number of updated asset objects reloaded before import = 0
Number of asset objects unloaded after import = 19
========================================================================
Received Import Request.
  Time since last request: 6.676194 seconds.
  path: Assets/2. Environment/Prefabs/Item.prefab
  artifactKey: Guid(c48439241157590498e5005a7da7f419) Importer(815301076,1909f56bfc062723c751e8b465ee728b)
Start importing Assets/2. Environment/Prefabs/Item.prefab using Guid(c48439241157590498e5005a7da7f419) Importer(815301076,1909f56bfc062723c751e8b465ee728b) [PhysX] Initialized MultithreadedTaskDispatcher with 16 workers.
[PhysX] Initialized MultithreadedTaskDispatcher with 16 workers.
 -> (artifact id: '50de9641da05bb49d07b80389beae606') in 0.008710 seconds
Number of updated asset objects reloaded before import = 0
Number of asset objects unloaded after import = 19
========================================================================
Received Import Request.
  Time since last request: 27.712563 seconds.
  path: Assets/2. Environment/Prefabs/Item.prefab
  artifactKey: Guid(c48439241157590498e5005a7da7f419) Importer(815301076,1909f56bfc062723c751e8b465ee728b)
Start importing Assets/2. Environment/Prefabs/Item.prefab using Guid(c48439241157590498e5005a7da7f419) Importer(815301076,1909f56bfc062723c751e8b465ee728b) [PhysX] Initialized MultithreadedTaskDispatcher with 16 workers.
[PhysX] Initialized MultithreadedTaskDispatcher with 16 workers.
 -> (artifact id: '7c83262f45b33a27393e9380b539a501') in 0.009123 seconds
Number of updated asset objects reloaded before import = 0
Number of asset objects unloaded after import = 19
========================================================================
Received Import Request.
  Time since last request: 16.211186 seconds.
  path: Assets/2. Environment/Prefabs/Item.prefab
  artifactKey: Guid(c48439241157590498e5005a7da7f419) Importer(815301076,1909f56bfc062723c751e8b465ee728b)
Start importing Assets/2. Environment/Prefabs/Item.prefab using Guid(c48439241157590498e5005a7da7f419) Importer(815301076,1909f56bfc062723c751e8b465ee728b) [PhysX] Initialized MultithreadedTaskDispatcher with 16 workers.
[PhysX] Initialized MultithreadedTaskDispatcher with 16 workers.
 -> (artifact id: '50f9ac0480c49d0c234e2b24769cd7a8') in 0.008896 seconds
Number of updated asset objects reloaded before import = 0
Number of asset objects unloaded after import = 19
========================================================================
Received Import Request.
  Time since last request: 23.521205 seconds.
  path: Assets/2. Environment/Prefabs/Item.prefab
  artifactKey: Guid(c48439241157590498e5005a7da7f419) Importer(815301076,1909f56bfc062723c751e8b465ee728b)
Start importing Assets/2. Environment/Prefabs/Item.prefab using Guid(c48439241157590498e5005a7da7f419) Importer(815301076,1909f56bfc062723c751e8b465ee728b) [PhysX] Initialized MultithreadedTaskDispatcher with 16 workers.
[PhysX] Initialized MultithreadedTaskDispatcher with 16 workers.
 -> (artifact id: '8d0b2874adf8bb261cb970671bdf8be5') in 0.010400 seconds
Number of updated asset objects reloaded before import = 0
Number of asset objects unloaded after import = 19
========================================================================
Received Import Request.
  Time since last request: 9.931870 seconds.
  path: Assets/2. Environment/Prefabs/Item.prefab
  artifactKey: Guid(c48439241157590498e5005a7da7f419) Importer(815301076,1909f56bfc062723c751e8b465ee728b)
Start importing Assets/2. Environment/Prefabs/Item.prefab using Guid(c48439241157590498e5005a7da7f419) Importer(815301076,1909f56bfc062723c751e8b465ee728b) [PhysX] Initialized MultithreadedTaskDispatcher with 16 workers.
[PhysX] Initialized MultithreadedTaskDispatcher with 16 workers.
 -> (artifact id: '1a0c39f926c61f3f933772ae3062d38c') in 0.008953 seconds
Number of updated asset objects reloaded before import = 0
Number of asset objects unloaded after import = 19
========================================================================
Received Import Request.
  Time since last request: 7.670622 seconds.
  path: Assets/2. Environment/Prefabs/Item.prefab
  artifactKey: Guid(c48439241157590498e5005a7da7f419) Importer(815301076,1909f56bfc062723c751e8b465ee728b)
Start importing Assets/2. Environment/Prefabs/Item.prefab using Guid(c48439241157590498e5005a7da7f419) Importer(815301076,1909f56bfc062723c751e8b465ee728b) [PhysX] Initialized MultithreadedTaskDispatcher with 16 workers.
[PhysX] Initialized MultithreadedTaskDispatcher with 16 workers.
 -> (artifact id: 'b6cf73468313111180ce46fed5f10ab4') in 0.011339 seconds
Number of updated asset objects reloaded before import = 0
Number of asset objects unloaded after import = 19
========================================================================
Received Import Request.
  Time since last request: 8.960061 seconds.
  path: Assets/2. Environment/Prefabs/Item.prefab
  artifactKey: Guid(c48439241157590498e5005a7da7f419) Importer(815301076,1909f56bfc062723c751e8b465ee728b)
Start importing Assets/2. Environment/Prefabs/Item.prefab using Guid(c48439241157590498e5005a7da7f419) Importer(815301076,1909f56bfc062723c751e8b465ee728b) [PhysX] Initialized MultithreadedTaskDispatcher with 16 workers.
[PhysX] Initialized MultithreadedTaskDispatcher with 16 workers.
 -> (artifact id: 'c323374d4666461219e6335b63f5a4a8') in 0.009464 seconds
Number of updated asset objects reloaded before import = 0
Number of asset objects unloaded after import = 19
========================================================================
Received Import Request.
  Time since last request: 3.253017 seconds.
  path: Assets/2. Environment/Prefabs/Item.prefab
  artifactKey: Guid(c48439241157590498e5005a7da7f419) Importer(815301076,1909f56bfc062723c751e8b465ee728b)
Start importing Assets/2. Environment/Prefabs/Item.prefab using Guid(c48439241157590498e5005a7da7f419) Importer(815301076,1909f56bfc062723c751e8b465ee728b) [PhysX] Initialized MultithreadedTaskDispatcher with 16 workers.
[PhysX] Initialized MultithreadedTaskDispatcher with 16 workers.
 -> (artifact id: 'f6930c7db59613598eaea389359f7929') in 0.010834 seconds
Number of updated asset objects reloaded before import = 0
Number of asset objects unloaded after import = 19
========================================================================
Received Import Request.
  Time since last request: 29.422180 seconds.
  path: Assets/2. Environment/Prefabs/Item.prefab
  artifactKey: Guid(c48439241157590498e5005a7da7f419) Importer(815301076,1909f56bfc062723c751e8b465ee728b)
Start importing Assets/2. Environment/Prefabs/Item.prefab using Guid(c48439241157590498e5005a7da7f419) Importer(815301076,1909f56bfc062723c751e8b465ee728b) [PhysX] Initialized MultithreadedTaskDispatcher with 16 workers.
[PhysX] Initialized MultithreadedTaskDispatcher with 16 workers.
 -> (artifact id: '4386b0d434e762bad8190ad50dfb7cfe') in 0.008686 seconds
Number of updated asset objects reloaded before import = 0
Number of asset objects unloaded after import = 19
========================================================================
Received Import Request.
  Time since last request: 5.450265 seconds.
  path: Assets/2. Environment/Prefabs/Item.prefab
  artifactKey: Guid(c48439241157590498e5005a7da7f419) Importer(815301076,1909f56bfc062723c751e8b465ee728b)
Start importing Assets/2. Environment/Prefabs/Item.prefab using Guid(c48439241157590498e5005a7da7f419) Importer(815301076,1909f56bfc062723c751e8b465ee728b) [PhysX] Initialized MultithreadedTaskDispatcher with 16 workers.
[PhysX] Initialized MultithreadedTaskDispatcher with 16 workers.
 -> (artifact id: '8384ef7ee09f167f5ed51fe2e75865c3') in 0.008674 seconds
Number of updated asset objects reloaded before import = 0
Number of asset objects unloaded after import = 19
========================================================================
Received Import Request.
  Time since last request: 13.975405 seconds.
  path: Assets/2. Environment/Prefabs/Item.prefab
  artifactKey: Guid(c48439241157590498e5005a7da7f419) Importer(815301076,1909f56bfc062723c751e8b465ee728b)
Start importing Assets/2. Environment/Prefabs/Item.prefab using Guid(c48439241157590498e5005a7da7f419) Importer(815301076,1909f56bfc062723c751e8b465ee728b) [PhysX] Initialized MultithreadedTaskDispatcher with 16 workers.
[PhysX] Initialized MultithreadedTaskDispatcher with 16 workers.
 -> (artifact id: '221e2cd6bf44b48df13d7671af467a3a') in 0.008943 seconds
Number of updated asset objects reloaded before import = 0
Number of asset objects unloaded after import = 19
========================================================================
Received Import Request.
  Time since last request: 26.124071 seconds.
  path: Assets/2. Environment/Prefabs/Item.prefab
  artifactKey: Guid(c48439241157590498e5005a7da7f419) Importer(815301076,1909f56bfc062723c751e8b465ee728b)
Start importing Assets/2. Environment/Prefabs/Item.prefab using Guid(c48439241157590498e5005a7da7f419) Importer(815301076,1909f56bfc062723c751e8b465ee728b) [PhysX] Initialized MultithreadedTaskDispatcher with 16 workers.
[PhysX] Initialized MultithreadedTaskDispatcher with 16 workers.
 -> (artifact id: 'e7b00e1b477ea657045ade8badf73074') in 0.008707 seconds
Number of updated asset objects reloaded before import = 0
Number of asset objects unloaded after import = 19
========================================================================
Received Import Request.
  Time since last request: 4.603128 seconds.
  path: Assets/2. Environment/Prefabs/Item.prefab
  artifactKey: Guid(c48439241157590498e5005a7da7f419) Importer(815301076,1909f56bfc062723c751e8b465ee728b)
Start importing Assets/2. Environment/Prefabs/Item.prefab using Guid(c48439241157590498e5005a7da7f419) Importer(815301076,1909f56bfc062723c751e8b465ee728b) [PhysX] Initialized MultithreadedTaskDispatcher with 16 workers.
[PhysX] Initialized MultithreadedTaskDispatcher with 16 workers.
 -> (artifact id: '5bfd7c9405da4c083a0998e87971ad0d') in 0.009917 seconds
Number of updated asset objects reloaded before import = 0
Number of asset objects unloaded after import = 19
========================================================================
Received Import Request.
  Time since last request: 4.383815 seconds.
  path: Assets/2. Environment/Prefabs/Item.prefab
  artifactKey: Guid(c48439241157590498e5005a7da7f419) Importer(815301076,1909f56bfc062723c751e8b465ee728b)
Start importing Assets/2. Environment/Prefabs/Item.prefab using Guid(c48439241157590498e5005a7da7f419) Importer(815301076,1909f56bfc062723c751e8b465ee728b) [PhysX] Initialized MultithreadedTaskDispatcher with 16 workers.
[PhysX] Initialized MultithreadedTaskDispatcher with 16 workers.
 -> (artifact id: 'c672e7a39be70a871ea19f7ab598879b') in 0.009203 seconds
Number of updated asset objects reloaded before import = 0
Number of asset objects unloaded after import = 19
========================================================================
Received Import Request.
  Time since last request: 18.584276 seconds.
  path: Assets/2. Environment/Prefabs/Item.prefab
  artifactKey: Guid(c48439241157590498e5005a7da7f419) Importer(815301076,1909f56bfc062723c751e8b465ee728b)
Start importing Assets/2. Environment/Prefabs/Item.prefab using Guid(c48439241157590498e5005a7da7f419) Importer(815301076,1909f56bfc062723c751e8b465ee728b) [PhysX] Initialized MultithreadedTaskDispatcher with 16 workers.
[PhysX] Initialized MultithreadedTaskDispatcher with 16 workers.
 -> (artifact id: '33c3476efb18c8f2da3c003e7c73603d') in 0.012221 seconds
Number of updated asset objects reloaded before import = 0
Number of asset objects unloaded after import = 19
========================================================================
Received Import Request.
  Time since last request: 13.951718 seconds.
  path: Assets/2. Environment/Prefabs/Item.prefab
  artifactKey: Guid(c48439241157590498e5005a7da7f419) Importer(815301076,1909f56bfc062723c751e8b465ee728b)
Start importing Assets/2. Environment/Prefabs/Item.prefab using Guid(c48439241157590498e5005a7da7f419) Importer(815301076,1909f56bfc062723c751e8b465ee728b) [PhysX] Initialized MultithreadedTaskDispatcher with 16 workers.
[PhysX] Initialized MultithreadedTaskDispatcher with 16 workers.
 -> (artifact id: 'b2570904966a8f3afca6b749aa562bce') in 0.012050 seconds
Number of updated asset objects reloaded before import = 0
Number of asset objects unloaded after import = 19
========================================================================
Received Import Request.
  Time since last request: 56.692788 seconds.
  path: Assets/2. Environment/Prefabs/Item.prefab
  artifactKey: Guid(c48439241157590498e5005a7da7f419) Importer(815301076,1909f56bfc062723c751e8b465ee728b)
Start importing Assets/2. Environment/Prefabs/Item.prefab using Guid(c48439241157590498e5005a7da7f419) Importer(815301076,1909f56bfc062723c751e8b465ee728b) [PhysX] Initialized MultithreadedTaskDispatcher with 16 workers.
[PhysX] Initialized MultithreadedTaskDispatcher with 16 workers.
 -> (artifact id: '19bd017b40db1e424b8cb0558a692d6a') in 0.008939 seconds
Number of updated asset objects reloaded before import = 0
Number of asset objects unloaded after import = 19
========================================================================
Received Import Request.
  Time since last request: 11.527904 seconds.
  path: Assets/2. Environment/Prefabs/Item.prefab
  artifactKey: Guid(c48439241157590498e5005a7da7f419) Importer(815301076,1909f56bfc062723c751e8b465ee728b)
Start importing Assets/2. Environment/Prefabs/Item.prefab using Guid(c48439241157590498e5005a7da7f419) Importer(815301076,1909f56bfc062723c751e8b465ee728b) [PhysX] Initialized MultithreadedTaskDispatcher with 16 workers.
[PhysX] Initialized MultithreadedTaskDispatcher with 16 workers.
 -> (artifact id: '6b126781b9216bcdeff3e377a0a0e626') in 0.009162 seconds
Number of updated asset objects reloaded before import = 0
Number of asset objects unloaded after import = 19
========================================================================
Received Import Request.
  Time since last request: 40.615735 seconds.
  path: Assets/2. Environment/Prefabs/Itens/Item_Book.prefab
  artifactKey: Guid(93e718847b74137458ffbf4e3e8238c9) Importer(815301076,1909f56bfc062723c751e8b465ee728b)
Start importing Assets/2. Environment/Prefabs/Itens/Item_Book.prefab using Guid(93e718847b74137458ffbf4e3e8238c9) Importer(815301076,1909f56bfc062723c751e8b465ee728b) [PhysX] Initialized MultithreadedTaskDispatcher with 16 workers.
[PhysX] Initialized MultithreadedTaskDispatcher with 16 workers.
 -> (artifact id: '97805d40fbbed63ec031b52463861732') in 0.010183 seconds
Number of updated asset objects reloaded before import = 0
Number of asset objects unloaded after import = 31
========================================================================
Received Import Request.
  Time since last request: 26.010552 seconds.
  path: Assets/2. Environment/Prefabs/Item_Book.prefab
  artifactKey: Guid(f178a537d52f86a4f94ab1ceb1d0c492) Importer(815301076,1909f56bfc062723c751e8b465ee728b)
Start importing Assets/2. Environment/Prefabs/Item_Book.prefab using Guid(f178a537d52f86a4f94ab1ceb1d0c492) Importer(815301076,1909f56bfc062723c751e8b465ee728b) [PhysX] Initialized MultithreadedTaskDispatcher with 16 workers.
[PhysX] Initialized MultithreadedTaskDispatcher with 16 workers.
 -> (artifact id: '017a8ccefd1466189787296d73897d5b') in 0.009657 seconds
Number of updated asset objects reloaded before import = 0
Number of asset objects unloaded after import = 35
========================================================================
Received Import Request.
  Time since last request: 8.106880 seconds.
  path: Assets/2. Environment/Prefabs/Itens/Item_Book.prefab
  artifactKey: Guid(f178a537d52f86a4f94ab1ceb1d0c492) Importer(815301076,1909f56bfc062723c751e8b465ee728b)
Start importing Assets/2. Environment/Prefabs/Itens/Item_Book.prefab using Guid(f178a537d52f86a4f94ab1ceb1d0c492) Importer(815301076,1909f56bfc062723c751e8b465ee728b) [PhysX] Initialized MultithreadedTaskDispatcher with 16 workers.
[PhysX] Initialized MultithreadedTaskDispatcher with 16 workers.
 -> (artifact id: 'f2dc6fe6a6a717e65dbea0cbf466d2ce') in 0.011052 seconds
Number of updated asset objects reloaded before import = 0
Number of asset objects unloaded after import = 35
========================================================================
Received Import Request.
  Time since last request: 62.936488 seconds.
  path: Assets/2. Environment/Prefabs/Itens/Item_Book.prefab
  artifactKey: Guid(f178a537d52f86a4f94ab1ceb1d0c492) Importer(815301076,1909f56bfc062723c751e8b465ee728b)
Start importing Assets/2. Environment/Prefabs/Itens/Item_Book.prefab using Guid(f178a537d52f86a4f94ab1ceb1d0c492) Importer(815301076,1909f56bfc062723c751e8b465ee728b) [PhysX] Initialized MultithreadedTaskDispatcher with 16 workers.
[PhysX] Initialized MultithreadedTaskDispatcher with 16 workers.
 -> (artifact id: '908eefb0f33ff534411b2f4dce548f0a') in 0.011504 seconds
Number of updated asset objects reloaded before import = 0
Number of asset objects unloaded after import = 35
========================================================================
Received Prepare
Begin MonoManager ReloadAssembly
- Loaded All Assemblies, in  0.500 seconds
Refreshing native plugins compatible for Editor in 10.36 ms, found 4 plugins.
Native extension for WindowsStandalone target not found
[Package Manager] Server::EnsureServerProcessIsRunning -- launch failed, reason: Unity was launched with the -noUpm command-line argument
[Package Manager] UpmClient::Send -- Unable to send message (not connected to UPM process).
[Package Manager] Cannot connect to Unity Package Manager local server
Mono: successfully reloaded assembly
- Finished resetting the current domain, in  1.680 seconds
Domain Reload Profiling: 2178ms
	BeginReloadAssembly (163ms)
		ExecutionOrderSort (0ms)
		DisableScriptedObjects (10ms)
		BackupInstance (0ms)
		ReleaseScriptingObjects (0ms)
		CreateAndSetChildDomain (39ms)
	RebuildCommonClasses (33ms)
	RebuildNativeTypeToScriptingClass (9ms)
	initialDomainReloadingComplete (30ms)
	LoadAllAssembliesAndSetupDomain (262ms)
		LoadAssemblies (324ms)
		RebuildTransferFunctionScriptingTraits (0ms)
		AnalyzeDomain (18ms)
			TypeCache.Refresh (6ms)
				TypeCache.ScanAssembly (0ms)
			ScanForSourceGeneratedMonoScriptInfo (0ms)
			ResolveRequiredComponents (10ms)
	FinalizeReload (1681ms)
		ReleaseScriptCaches (0ms)
		RebuildScriptCaches (0ms)
		SetupLoadedEditorAssemblies (608ms)
			LogAssemblyErrors (0ms)
			InitializePlatformSupportModulesInManaged (5ms)
			SetLoadedEditorAssemblies (5ms)
			RefreshPlugins (0ms)
			BeforeProcessingInitializeOnLoad (72ms)
			ProcessInitializeOnLoadAttributes (487ms)
			ProcessInitializeOnLoadMethodAttributes (31ms)
			AfterProcessingInitializeOnLoad (6ms)
			EditorAssembliesLoaded (0ms)
		ExecutionOrderSort2 (0ms)
		AwakeInstancesAfterBackupRestoration (14ms)
Refreshing native plugins compatible for Editor in 8.15 ms, found 4 plugins.
Preloading 0 native plugins for Editor in 0.00 ms.
Unloading 4652 Unused Serialized files (Serialized files now loaded: 0)
Unloading 40 unused Assets / (39.2 KB). Loaded Objects now: 5142.
Memory consumption went from 156.4 MB to 156.4 MB.
Total: 4.076300 ms (FindLiveObjects: 0.351900 ms CreateObjectMapping: 0.191600 ms MarkObjects: 3.432700 ms  DeleteObjects: 0.099100 ms)

Prepare: number of updated asset objects reloaded= 0
AssetImportParameters requested are different than current active one (requested -> active):
  custom:container-demuxer-ogg: 62fdf1f143b41e24485cea50d1cbac27 -> 
  custom:video-decoder-ogg-theora: a1e56fd34408186e4bbccfd4996cb3dc -> 
  custom:framework-win-MediaFoundation: 216162199b28c13a410421893ffa2e32 -> 
  custom:CustomObjectIndexerAttribute: 9a22284fe3817be447336de3de66b15e -> 
  custom:container-demuxer-webm: 4f35f7cbe854078d1ac9338744f61a02 -> 
  custom:container-muxer-webm: aa71ff27fc2769a1b78a27578f13a17b -> 
  custom:video-decoder-webm-vp8: 9c59270c3fd7afecdb556c50c9e8de78 -> 
  custom:SearchIndexIgnoredProperties: e643bd26f0fe6173181afceb89e7c659 -> 
  custom:AudioImporter_EditorPlatform: d09bf68614088b80899f8185d706f6e7 -> 
  custom:video-encoder-webm-vp8: eb34c28f22e8b96e1ab97ce403110664 -> 
  custom:audio-decoder-ogg-vorbis: bf7c407c2cedff20999df2af8eb42d56 -> 
  custom:audio-encoder-webm-vorbis: bf7c407c2cedff20999df2af8eb42d56 -> 
========================================================================
Received Prepare
Begin MonoManager ReloadAssembly
- Loaded All Assemblies, in  0.441 seconds
Refreshing native plugins compatible for Editor in 8.09 ms, found 4 plugins.
Native extension for WindowsStandalone target not found
[Package Manager] Server::EnsureServerProcessIsRunning -- launch failed, reason: Unity was launched with the -noUpm command-line argument
[Package Manager] UpmClient::Send -- Unable to send message (not connected to UPM process).
[Package Manager] Cannot connect to Unity Package Manager local server
Mono: successfully reloaded assembly
- Finished resetting the current domain, in  1.525 seconds
Domain Reload Profiling: 1963ms
	BeginReloadAssembly (148ms)
		ExecutionOrderSort (0ms)
		DisableScriptedObjects (10ms)
		BackupInstance (0ms)
		ReleaseScriptingObjects (0ms)
		CreateAndSetChildDomain (34ms)
	RebuildCommonClasses (27ms)
	RebuildNativeTypeToScriptingClass (9ms)
	initialDomainReloadingComplete (26ms)
	LoadAllAssembliesAndSetupDomain (228ms)
		LoadAssemblies (291ms)
		RebuildTransferFunctionScriptingTraits (0ms)
		AnalyzeDomain (12ms)
			TypeCache.Refresh (6ms)
				TypeCache.ScanAssembly (0ms)
			ScanForSourceGeneratedMonoScriptInfo (0ms)
			ResolveRequiredComponents (6ms)
	FinalizeReload (1525ms)
		ReleaseScriptCaches (0ms)
		RebuildScriptCaches (0ms)
		SetupLoadedEditorAssemblies (612ms)
			LogAssemblyErrors (0ms)
			InitializePlatformSupportModulesInManaged (5ms)
			SetLoadedEditorAssemblies (5ms)
			RefreshPlugins (0ms)
			BeforeProcessingInitializeOnLoad (72ms)
			ProcessInitializeOnLoadAttributes (488ms)
			ProcessInitializeOnLoadMethodAttributes (36ms)
			AfterProcessingInitializeOnLoad (6ms)
			EditorAssembliesLoaded (0ms)
		ExecutionOrderSort2 (0ms)
		AwakeInstancesAfterBackupRestoration (13ms)
Refreshing native plugins compatible for Editor in 9.42 ms, found 4 plugins.
Preloading 0 native plugins for Editor in 0.00 ms.
Unloading 4653 Unused Serialized files (Serialized files now loaded: 0)
Unloading 38 unused Assets / (36.3 KB). Loaded Objects now: 5146.
Memory consumption went from 156.7 MB to 156.6 MB.
Total: 4.101600 ms (FindLiveObjects: 0.565800 ms CreateObjectMapping: 0.199500 ms MarkObjects: 3.265600 ms  DeleteObjects: 0.069400 ms)

Prepare: number of updated asset objects reloaded= 0
AssetImportParameters requested are different than current active one (requested -> active):
  custom:container-demuxer-ogg: 62fdf1f143b41e24485cea50d1cbac27 -> 
  custom:video-decoder-ogg-theora: a1e56fd34408186e4bbccfd4996cb3dc -> 
  custom:framework-win-MediaFoundation: 216162199b28c13a410421893ffa2e32 -> 
  custom:CustomObjectIndexerAttribute: 9a22284fe3817be447336de3de66b15e -> 
  custom:container-demuxer-webm: 4f35f7cbe854078d1ac9338744f61a02 -> 
  custom:container-muxer-webm: aa71ff27fc2769a1b78a27578f13a17b -> 
  custom:video-decoder-webm-vp8: 9c59270c3fd7afecdb556c50c9e8de78 -> 
  custom:SearchIndexIgnoredProperties: e643bd26f0fe6173181afceb89e7c659 -> 
  custom:AudioImporter_EditorPlatform: d09bf68614088b80899f8185d706f6e7 -> 
  custom:video-encoder-webm-vp8: eb34c28f22e8b96e1ab97ce403110664 -> 
  custom:audio-decoder-ogg-vorbis: bf7c407c2cedff20999df2af8eb42d56 -> 
  custom:audio-encoder-webm-vorbis: bf7c407c2cedff20999df2af8eb42d56 -> 
========================================================================
Received Import Request.
  Time since last request: 16631.511953 seconds.
  path: Assets/2. Environment/Prefabs/Itens/Item_Book.prefab
  artifactKey: Guid(f178a537d52f86a4f94ab1ceb1d0c492) Importer(815301076,1909f56bfc062723c751e8b465ee728b)
Start importing Assets/2. Environment/Prefabs/Itens/Item_Book.prefab using Guid(f178a537d52f86a4f94ab1ceb1d0c492) Importer(815301076,1909f56bfc062723c751e8b465ee728b) [PhysX] Initialized MultithreadedTaskDispatcher with 16 workers.
[PhysX] Initialized MultithreadedTaskDispatcher with 16 workers.
 -> (artifact id: 'db81bacaf7f99194d274fd7908c541f4') in 0.399199 seconds
Number of updated asset objects reloaded before import = 0
Number of asset objects unloaded after import = 35
